<?xml version="1.0" encoding="UTF-8"?>
<testsuite xmlns:xsi="http://www.w3.org/2001/XMLSchema-instance" xsi:noNamespaceSchemaLocation="https://maven.apache.org/surefire/maven-surefire-plugin/xsd/surefire-test-report-3.0.xsd" version="3.0" name="com.travel2go.backend.service.PaymentServiceTest" time="0.317" tests="2" errors="0" skipped="0" failures="0">
  <properties>
[...]
</properties>
  <testcase name="charge_rejectsWhenQuoteTokenInvalid_withoutCallingProvider" classname="com.travel2go.backend.service.PaymentServiceTest" time="0.317"/>
  <testcase name="charge_succeedsAndNeverAddsAFee" classname="com.travel2go.backend.service.PaymentServiceTest" time="0.0"/>
</testsuite>