<?xml version="1.0" encoding="UTF-8"?>
<testsuite xmlns:xsi="http://www.w3.org/2001/XMLSchema-instance" xsi:noNamespaceSchemaLocation="https://maven.apache.org/surefire/maven-surefire-plugin/xsd/surefire-test-report-3.0.xsd" version="3.0" name="com.travel2go.backend.service.BookingEventProcessorTest" time="0.402" tests="2" errors="0" skipped="0" failures="0">
  <properties>
[...]
</properties>
  <testcase name="testHandleEvent_NewEvent_Success" classname="com.travel2go.backend.service.BookingEventProcessorTest" time="0.396">
    <system-out><![CDATA[&amp#27;[2m2026-05-21T11:46:32.468+05:30&amp#27;[0;39m &amp#27;[32m INFO&amp#27;[0;39m &amp#27;[35m49535&amp#27;[0;39m &amp#27;[2m---&amp#27;[0;39m &amp#27;[2m[reactive-booking-function] [           main]&amp#27;[0;39m &amp#27;[2m&amp#27;[0;39m&amp#27;[36mc.t.b.service.BookingEventProcessor     &amp#27;[0;39m &amp#27;[2m:&amp#27;[0;39m Processing new booking event: event-789
&amp#27;[2m2026-05-21T11:46:32.595+05:30&amp#27;[0;39m &amp#27;[32m INFO&amp#27;[0;39m &amp#27;[35m49535&amp#27;[0;39m &amp#27;[2m---&amp#27;[0;39m &amp#27;[2m[reactive-booking-function] [     parallel-2]&amp#27;[0;39m &amp#27;[2m&amp#27;[0;39m&amp#27;[36mc.t.b.service.BookingEventProcessor     &amp#27;[0;39m &amp#27;[2m:&amp#27;[0;39m Publishing processed booking event to routing key: booking.processed
]]></system-out>
  </testcase>
  <testcase name="testHandleEvent_DuplicateEvent_Skipped" classname="com.travel2go.backend.service.BookingEventProcessorTest" time="0.003">
    <system-out><![CDATA[&amp#27;[2m2026-05-21T11:46:32.604+05:30&amp#27;[0;39m &amp#27;[33m WARN&amp#27;[0;39m &amp#27;[35m49535&amp#27;[0;39m &amp#27;[2m---&amp#27;[0;39m &amp#27;[2m[reactive-booking-function] [           main]&amp#27;[0;39m &amp#27;[2m&amp#27;[0;39m&amp#27;[36mc.t.b.service.BookingEventProcessor     &amp#27;[0;39m &amp#27;[2m:&amp#27;[0;39m Duplicate event detected! Skipping event ID: event-789
]]></system-out>
  </testcase>
</testsuite>